<?xml version="1.0" encoding="UTF-8"?>
<!-- Generated by org.testng.reporters.JUnitReportReporter -->
<testsuite hostname="VSUVVARI-0FQQK" failures="0" tests="1" name="NewTest" time="6.677" errors="0" timestamp="14 Oct 2020 12:42:56 GMT" skipped="0">
  <testcase classname="NewTest" name="f" time="6.677"/>
</testsuite> <!-- NewTest -->
